0 info it worked if it ends with ok
1 verbose cli [ '/Users/jyotipuri/.nvm/versions/node/v5.9.0/bin/node',
1 verbose cli   '/Users/jyotipuri/.nvm/versions/node/v5.9.0/bin/npm',
1 verbose cli   'start' ]
2 info using npm@3.7.3
3 info using node@v5.9.0
4 verbose run-script [ 'prestart', 'start', 'poststart' ]
5 info lifecycle react-minimal-boilerplate@0.0.2~prestart: react-minimal-boilerplate@0.0.2
6 silly lifecycle react-minimal-boilerplate@0.0.2~prestart: no script for prestart, continuing
7 info lifecycle react-minimal-boilerplate@0.0.2~start: react-minimal-boilerplate@0.0.2
8 verbose lifecycle react-minimal-boilerplate@0.0.2~start: unsafe-perm in lifecycle true
9 verbose lifecycle react-minimal-boilerplate@0.0.2~start: PATH: /Users/jyotipuri/.nvm/versions/node/v5.9.0/lib/node_modules/npm/bin/node-gyp-bin:/Users/jyotipuri/humble/react-minimal-boilerplate/node_modules/.bin:/Users/jyotipuri/.nvm/versions/node/v5.9.0/bin:/Users/jyotipuri/.nvm/versions/node/v5.9.0/bin:/Library/Frameworks/Python.framework/Versions/3.5/bin:/Library/Frameworks/Python.framework/Versions/3.5/bin:/usr/local/bin:/usr/bin:/bin:/usr/sbin:/sbin:/usr/local/go/bin
10 verbose lifecycle react-minimal-boilerplate@0.0.2~start: CWD: /Users/jyotipuri/humble/react-minimal-boilerplate
11 silly lifecycle react-minimal-boilerplate@0.0.2~start: Args: [ '-c', 'node config/server.dev.js' ]
12 silly lifecycle react-minimal-boilerplate@0.0.2~start: Returned: code: 1  signal: null
13 info lifecycle react-minimal-boilerplate@0.0.2~start: Failed to exec start script
14 verbose stack Error: react-minimal-boilerplate@0.0.2 start: `node config/server.dev.js`
14 verbose stack Exit status 1
14 verbose stack     at EventEmitter.<anonymous> (/Users/jyotipuri/.nvm/versions/node/v5.9.0/lib/node_modules/npm/lib/utils/lifecycle.js:239:16)
14 verbose stack     at emitTwo (events.js:100:13)
14 verbose stack     at EventEmitter.emit (events.js:185:7)
14 verbose stack     at ChildProcess.<anonymous> (/Users/jyotipuri/.nvm/versions/node/v5.9.0/lib/node_modules/npm/lib/utils/spawn.js:24:14)
14 verbose stack     at emitTwo (events.js:100:13)
14 verbose stack     at ChildProcess.emit (events.js:185:7)
14 verbose stack     at maybeClose (internal/child_process.js:850:16)
14 verbose stack     at Process.ChildProcess._handle.onexit (internal/child_process.js:215:5)
15 verbose pkgid react-minimal-boilerplate@0.0.2
16 verbose cwd /Users/jyotipuri/humble/react-minimal-boilerplate
17 error Darwin 15.4.0
18 error argv "/Users/jyotipuri/.nvm/versions/node/v5.9.0/bin/node" "/Users/jyotipuri/.nvm/versions/node/v5.9.0/bin/npm" "start"
19 error node v5.9.0
20 error npm  v3.7.3
21 error code ELIFECYCLE
22 error react-minimal-boilerplate@0.0.2 start: `node config/server.dev.js`
22 error Exit status 1
23 error Failed at the react-minimal-boilerplate@0.0.2 start script 'node config/server.dev.js'.
23 error Make sure you have the latest version of node.js and npm installed.
23 error If you do, this is most likely a problem with the react-minimal-boilerplate package,
23 error not with npm itself.
23 error Tell the author that this fails on your system:
23 error     node config/server.dev.js
23 error You can get information on how to open an issue for this project with:
23 error     npm bugs react-minimal-boilerplate
23 error Or if that isn't available, you can get their info via:
23 error     npm owner ls react-minimal-boilerplate
23 error There is likely additional logging output above.
24 verbose exit [ 1, true ]
